<?xml version="1.0" encoding="UTF-8"?>
<!-- Generated by org.testng.reporters.JUnitXMLReporter -->
<testsuite hostname="HSC-R90G9WW4" ignored="0" name="Test" tests="1" failures="1" timestamp="23 May 2018 08:07:23 GMT" time="43.562" errors="0">
  <testcase name="login" time="43.47" classname="org.tekSystems.automation.SeleniumAutomation.WorldBankAssignment">
    <failure type="java.lang.NullPointerException">
      <![CDATA[java.lang.NullPointerException
at org.tekSystems.automation.SeleniumAutomation.GlobalFunctions.navigateBack(GlobalFunctions.java:61)
at pageClasses.WorldBankProjects.getOperationsValue(WorldBankProjects.java:66)
at org.tekSystems.automation.SeleniumAutomation.WorldBankAssignment.login(WorldBankAssignment.java:16)
... Removed 25 stack frames]]>
    </failure>
  </testcase> <!-- login -->
</testsuite> <!-- Test -->
