<?xml version="1.0" encoding="UTF-8"?>
<testng-results skipped="0" failed="0" total="0" passed="0">
  <reporter-output>
  </reporter-output>
  <suite name="org.tekSystems.automation.SeleniumAutomation.HomeTest" duration-ms="10" started-at="2018-06-06T05:09:12Z" finished-at="2018-06-06T05:09:12Z">
    <groups>
    </groups>
    <test name="Command line test" duration-ms="10" started-at="2018-06-06T05:09:12Z" finished-at="2018-06-06T05:09:12Z">
      <class name="org.tekSystems.automation.SeleniumAutomation.HomeTest">
        <test-method status="PASS" signature="initializeWebDriver()[pri:0, instance:org.tekSystems.automation.SeleniumAutomation.HomeTest@12843fce]" name="initializeWebDriver" is-config="true" duration-ms="30597" started-at="2018-06-06T10:38:42Z" finished-at="2018-06-06T10:39:12Z">
          <reporter-output>
          </reporter-output>
        </test-method> <!-- initializeWebDriver -->
        <test-method status="FAIL" signature="afterSuite()[pri:0, instance:org.tekSystems.automation.SeleniumAutomation.HomeTest@12843fce]" name="afterSuite" is-config="true" duration-ms="0" started-at="2018-06-06T10:39:12Z" finished-at="2018-06-06T10:39:12Z">
          <exception class="java.lang.NullPointerException">
            <full-stacktrace>
              <![CDATA[java.lang.NullPointerException
	at com.relevantcodes.extentreports.Report.terminate(Report.java:412)
	at com.relevantcodes.extentreports.ExtentReports.close(ExtentReports.java:708)
	at org.tekSystems.automation.SeleniumAutomation.TekBase.afterSuite(TekBase.java:60)
	at sun.reflect.NativeMethodAccessorImpl.invoke0(Native Method)
	at sun.reflect.NativeMethodAccessorImpl.invoke(Unknown Source)
	at sun.reflect.DelegatingMethodAccessorImpl.invoke(Unknown Source)
	at java.lang.reflect.Method.invoke(Unknown Source)
	at org.testng.internal.MethodInvocationHelper.invokeMethod(MethodInvocationHelper.java:80)
	at org.testng.internal.Invoker.invokeConfigurationMethod(Invoker.java:564)
	at org.testng.internal.Invoker.invokeConfigurations(Invoker.java:213)
	at org.testng.internal.Invoker.invokeConfigurations(Invoker.java:138)
	at org.testng.SuiteRunner.privateRun(SuiteRunner.java:308)
	at org.testng.SuiteRunner.run(SuiteRunner.java:240)
	at org.testng.SuiteRunnerWorker.runSuite(SuiteRunnerWorker.java:52)
	at org.testng.SuiteRunnerWorker.run(SuiteRunnerWorker.java:86)
	at org.testng.TestNG.runSuitesSequentially(TestNG.java:1198)
	at org.testng.TestNG.runSuitesLocally(TestNG.java:1123)
	at org.testng.TestNG.run(TestNG.java:1031)
	at org.apache.maven.surefire.testng.TestNGExecutor.run(TestNGExecutor.java:77)
	at org.apache.maven.surefire.testng.TestNGDirectoryTestSuite.execute(TestNGDirectoryTestSuite.java:110)
	at org.apache.maven.surefire.testng.TestNGProvider.invoke(TestNGProvider.java:106)
	at sun.reflect.NativeMethodAccessorImpl.invoke0(Native Method)
	at sun.reflect.NativeMethodAccessorImpl.invoke(Unknown Source)
	at sun.reflect.DelegatingMethodAccessorImpl.invoke(Unknown Source)
	at java.lang.reflect.Method.invoke(Unknown Source)
	at org.apache.maven.surefire.util.ReflectionUtils.invokeMethodWithArray(ReflectionUtils.java:189)
	at org.apache.maven.surefire.booter.ProviderFactory$ProviderProxy.invoke(ProviderFactory.java:165)
	at org.apache.maven.surefire.booter.ProviderFactory.invokeProvider(ProviderFactory.java:85)
	at org.apache.maven.surefire.booter.ForkedBooter.runSuitesInProcess(ForkedBooter.java:115)
	at org.apache.maven.surefire.booter.ForkedBooter.main(ForkedBooter.java:75)
]]>
            </full-stacktrace>
          </exception> <!-- java.lang.NullPointerException -->
          <reporter-output>
          </reporter-output>
        </test-method> <!-- afterSuite -->
      </class> <!-- org.tekSystems.automation.SeleniumAutomation.HomeTest -->
    </test> <!-- Command line test -->
  </suite> <!-- org.tekSystems.automation.SeleniumAutomation.HomeTest -->
</testng-results>
