<?xml version="1.0" encoding="UTF-8"?>
<testng-results skipped="0" failed="0" ignored="0" total="1" passed="1">
  <reporter-output>
    <line>
      <![CDATA[base template reading is done]]>
    </line>
  </reporter-output>
  <suite name="Default suite" duration-ms="3226" started-at="2018-06-08T12:49:15Z" finished-at="2018-06-08T12:49:18Z">
    <groups>
    </groups>
    <test name="Default test" duration-ms="3226" started-at="2018-06-08T12:49:15Z" finished-at="2018-06-08T12:49:18Z">
      <class name="pageClasses.Compare2PDF">
        <test-method status="PASS" signature="initializeWebDriver()[pri:0, instance:pageClasses.Compare2PDF@8e24743]" name="initializeWebDriver" is-config="true" duration-ms="22844" started-at="2018-06-08T12:48:52Z" finished-at="2018-06-08T12:49:15Z">
          <reporter-output>
          </reporter-output>
        </test-method> <!-- initializeWebDriver -->
        <test-method status="PASS" signature="reportTest(java.lang.reflect.Method)[pri:0, instance:pageClasses.Compare2PDF@8e24743]" name="reportTest" is-config="true" duration-ms="4" started-at="2018-06-08T12:49:15Z" finished-at="2018-06-08T12:49:15Z">
          <params>
            <param index="0">
              <value>
                <![CDATA[public void pageClasses.Compare2PDF.CompareTextInTwoPdfs() throws java.io.IOException]]>
              </value>
            </param>
          </params>
          <reporter-output>
          </reporter-output>
        </test-method> <!-- reportTest -->
        <test-method status="PASS" signature="CompareTextInTwoPdfs()[pri:0, instance:pageClasses.Compare2PDF@8e24743]" name="CompareTextInTwoPdfs" duration-ms="3169" started-at="2018-06-08T12:49:15Z" finished-at="2018-06-08T12:49:18Z">
          <reporter-output>
            <line>
              <![CDATA[base template reading is done]]>
            </line>
          </reporter-output>
        </test-method> <!-- CompareTextInTwoPdfs -->
        <test-method status="PASS" signature="endReport()[pri:0, instance:pageClasses.Compare2PDF@8e24743]" name="endReport" is-config="true" duration-ms="3" started-at="2018-06-08T12:49:18Z" finished-at="2018-06-08T12:49:18Z">
          <reporter-output>
          </reporter-output>
        </test-method> <!-- endReport -->
        <test-method status="PASS" signature="afterSuite()[pri:0, instance:pageClasses.Compare2PDF@8e24743]" name="afterSuite" is-config="true" duration-ms="552" started-at="2018-06-08T12:49:19Z" finished-at="2018-06-08T12:49:19Z">
          <reporter-output>
          </reporter-output>
        </test-method> <!-- afterSuite -->
      </class> <!-- pageClasses.Compare2PDF -->
    </test> <!-- Default test -->
  </suite> <!-- Default suite -->
</testng-results>
